[debug] [2020-01-01T07:25:33.745Z] ----------------------------------------------------------------------
[debug] [2020-01-01T07:25:33.748Z] Command:       C:\Program Files\nodejs\node.exe C:\Users\witte\AppData\Roaming\npm\node_modules\firebase-tools\lib\bin\firebase.js init
[debug] [2020-01-01T07:25:33.748Z] CLI Version:   7.11.0
[debug] [2020-01-01T07:25:33.748Z] Platform:      win32
[debug] [2020-01-01T07:25:33.748Z] Node Version:  v10.16.3
[debug] [2020-01-01T07:25:33.750Z] Time:          Wed Jan 01 2020 01:25:33 GMT-0600 (Central Standard Time)
[debug] [2020-01-01T07:25:33.750Z] ----------------------------------------------------------------------
[debug] [2020-01-01T07:25:33.750Z] 
[debug] [2020-01-01T07:25:33.764Z] > command requires scopes: ["email","openid","https://www.googleapis.com/auth/cloudplatformprojects.readonly","https://www.googleapis.com/auth/firebase","https://www.googleapis.com/auth/cloud-platform"]
[debug] [2020-01-01T07:25:33.765Z] > authorizing via signed-in user
[info] 
     ######## #### ########  ######## ########     ###     ######  ########
     ##        ##  ##     ## ##       ##     ##  ##   ##  ##       ##
     ######    ##  ########  ######   ########  #########  ######  ######
     ##        ##  ##    ##  ##       ##     ## ##     ##       ## ##
     ##       #### ##     ## ######## ########  ##     ##  ######  ########

You're about to initialize a Firebase project in this directory:

  C:\Users\witte\workspace\patterns_tools\exercises\Tamagotchi

Before we get started, keep in mind:

  * You are initializing in an existing Firebase project directory

